2024-04-28T01:50:52.573+05:30  INFO 4124 --- [thundercars] [restartedMain] c.c.thundercars.ThundercarsApplication   : Starting ThundercarsApplication using Java 21.0.1 with PID 4124 (E:\work\myProjects\car-rentals-spring-angular\backend\target\classes started by HP in E:\work\myProjects\car-rentals-spring-angular\backend)
2024-04-28T01:50:52.594+05:30  INFO 4124 --- [thundercars] [restartedMain] c.c.thundercars.ThundercarsApplication   : No active profile set, falling back to 1 default profile: "default"
2024-04-28T01:50:52.723+05:30  INFO 4124 --- [thundercars] [restartedMain] .e.DevToolsPropertyDefaultsPostProcessor : Devtools property defaults active! Set 'spring.devtools.add-properties' to 'false' to disable
2024-04-28T01:50:52.723+05:30  INFO 4124 --- [thundercars] [restartedMain] .e.DevToolsPropertyDefaultsPostProcessor : For additional web related logging consider setting the 'logging.level.web' property to 'DEBUG'
2024-04-28T01:50:53.795+05:30  INFO 4124 --- [thundercars] [restartedMain] .s.d.r.c.RepositoryConfigurationDelegate : Bootstrapping Spring Data JPA repositories in DEFAULT mode.
2024-04-28T01:50:53.900+05:30  INFO 4124 --- [thundercars] [restartedMain] .s.d.r.c.RepositoryConfigurationDelegate : Finished Spring Data repository scanning in 95 ms. Found 7 JPA repository interfaces.
2024-04-28T01:50:55.490+05:30  INFO 4124 --- [thundercars] [restartedMain] o.s.b.w.embedded.tomcat.TomcatWebServer  : Tomcat initialized with port 8080 (http)
2024-04-28T01:50:55.515+05:30  INFO 4124 --- [thundercars] [restartedMain] o.apache.catalina.core.StandardService   : Starting service [Tomcat]
2024-04-28T01:50:55.516+05:30  INFO 4124 --- [thundercars] [restartedMain] o.apache.catalina.core.StandardEngine    : Starting Servlet engine: [Apache Tomcat/10.1.18]
2024-04-28T01:50:55.611+05:30  INFO 4124 --- [thundercars] [restartedMain] o.a.c.c.C.[Tomcat].[localhost].[/]       : Initializing Spring embedded WebApplicationContext
2024-04-28T01:50:55.612+05:30  INFO 4124 --- [thundercars] [restartedMain] w.s.c.ServletWebServerApplicationContext : Root WebApplicationContext: initialization completed in 2887 ms
2024-04-28T01:50:55.929+05:30  INFO 4124 --- [thundercars] [restartedMain] o.hibernate.jpa.internal.util.LogHelper  : HHH000204: Processing PersistenceUnitInfo [name: default]
2024-04-28T01:50:56.101+05:30  INFO 4124 --- [thundercars] [restartedMain] org.hibernate.Version                    : HHH000412: Hibernate ORM core version 6.4.1.Final
2024-04-28T01:50:56.167+05:30  INFO 4124 --- [thundercars] [restartedMain] o.h.c.internal.RegionFactoryInitiator    : HHH000026: Second-level cache disabled
2024-04-28T01:50:56.510+05:30  INFO 4124 --- [thundercars] [restartedMain] o.s.o.j.p.SpringPersistenceUnitInfo      : No LoadTimeWeaver setup: ignoring JPA class transformer
2024-04-28T01:50:56.565+05:30  INFO 4124 --- [thundercars] [restartedMain] com.zaxxer.hikari.HikariDataSource       : HikariPool-1 - Starting...
2024-04-28T01:50:57.100+05:30  INFO 4124 --- [thundercars] [restartedMain] com.zaxxer.hikari.pool.HikariPool        : HikariPool-1 - Added connection com.mysql.cj.jdbc.ConnectionImpl@5b0c9f63
2024-04-28T01:50:57.103+05:30  INFO 4124 --- [thundercars] [restartedMain] com.zaxxer.hikari.HikariDataSource       : HikariPool-1 - Start completed.
2024-04-28T01:50:57.171+05:30  WARN 4124 --- [thundercars] [restartedMain] org.hibernate.orm.deprecation            : HHH90000025: MySQL8Dialect does not need to be specified explicitly using 'hibernate.dialect' (remove the property setting and it will be selected by default)
2024-04-28T01:50:57.172+05:30  WARN 4124 --- [thundercars] [restartedMain] org.hibernate.orm.deprecation            : HHH90000026: MySQL8Dialect has been deprecated; use org.hibernate.dialect.MySQLDialect instead
2024-04-28T01:50:58.642+05:30  INFO 4124 --- [thundercars] [restartedMain] o.h.e.t.j.p.i.JtaPlatformInitiator       : HHH000489: No JTA platform available (set 'hibernate.transaction.jta.platform' to enable JTA platform integration)
2024-04-28T01:50:59.396+05:30  INFO 4124 --- [thundercars] [restartedMain] j.LocalContainerEntityManagerFactoryBean : Initialized JPA EntityManagerFactory for persistence unit 'default'
2024-04-28T01:51:00.227+05:30  INFO 4124 --- [thundercars] [restartedMain] o.s.d.j.r.query.QueryEnhancerFactory     : Hibernate is in classpath; If applicable, HQL parser will be used.
2024-04-28T01:51:01.162+05:30  WARN 4124 --- [thundercars] [restartedMain] JpaBaseConfiguration$JpaWebConfiguration : spring.jpa.open-in-view is enabled by default. Therefore, database queries may be performed during view rendering. Explicitly configure spring.jpa.open-in-view to disable this warning
2024-04-28T01:51:01.604+05:30  INFO 4124 --- [thundercars] [restartedMain] o.s.s.web.DefaultSecurityFilterChain     : Will secure any request with [org.springframework.security.web.session.DisableEncodeUrlFilter@7fb0c28a, org.springframework.security.web.context.request.async.WebAsyncManagerIntegrationFilter@51df2f58, org.springframework.security.web.context.SecurityContextHolderFilter@3c749cca, org.springframework.security.web.header.HeaderWriterFilter@5897646, org.springframework.web.filter.CorsFilter@6de8a89e, org.springframework.security.web.authentication.logout.LogoutFilter@50c50b5, com.cts.thundercars.security.JwtAuthenticationFilter@5186e4b5, org.springframework.security.web.savedrequest.RequestCacheAwareFilter@b3d76ab, org.springframework.security.web.servletapi.SecurityContextHolderAwareRequestFilter@78ff2d78, org.springframework.security.web.authentication.AnonymousAuthenticationFilter@672dd60, org.springframework.security.web.access.ExceptionTranslationFilter@473cc515, org.springframework.security.web.access.intercept.AuthorizationFilter@5a7cdefb]
2024-04-28T01:51:02.032+05:30  INFO 4124 --- [thundercars] [restartedMain] o.s.b.d.a.OptionalLiveReloadServer       : LiveReload server is running on port 35729
2024-04-28T01:51:02.088+05:30  INFO 4124 --- [thundercars] [restartedMain] o.s.b.w.embedded.tomcat.TomcatWebServer  : Tomcat started on port 8080 (http) with context path '/'
2024-04-28T01:51:02.109+05:30  INFO 4124 --- [thundercars] [restartedMain] c.c.thundercars.ThundercarsApplication   : Started ThundercarsApplication in 10.257 seconds (process running for 11.071)
2024-04-28T01:51:02.117+05:30  INFO 4124 --- [thundercars] [restartedMain] c.c.thundercars.ThundercarsApplication   : END MAIN
2024-04-28T01:52:45.181+05:30  INFO 4124 --- [thundercars] [http-nio-8080-exec-1] o.a.c.c.C.[Tomcat].[localhost].[/]       : Initializing Spring DispatcherServlet 'dispatcherServlet'
2024-04-28T01:52:45.182+05:30  INFO 4124 --- [thundercars] [http-nio-8080-exec-1] o.s.web.servlet.DispatcherServlet        : Initializing Servlet 'dispatcherServlet'
2024-04-28T01:52:45.184+05:30  INFO 4124 --- [thundercars] [http-nio-8080-exec-1] o.s.web.servlet.DispatcherServlet        : Completed initialization in 2 ms
2024-04-28T01:53:37.584+05:30  INFO 4124 --- [thundercars] [http-nio-8080-exec-3] c.c.t.s.impl.CarDealerServicesImpl       : Checking if user already exists
2024-04-28T01:53:37.608+05:30  INFO 4124 --- [thundercars] [http-nio-8080-exec-3] c.c.t.s.impl.CarDealerServicesImpl       : Creating car Dealer
2024-04-28T01:53:37.647+05:30 ERROR 4124 --- [thundercars] [http-nio-8080-exec-3] c.c.t.s.impl.CarDealerServicesImpl       : Role not found with id: 2
2024-04-28T01:53:37.679+05:30  WARN 4124 --- [thundercars] [http-nio-8080-exec-3] .m.m.a.ExceptionHandlerExceptionResolver : Resolved [com.cts.thundercars.exceptions.NotFoundException: Role not found with id: 2]
2024-04-28T01:55:23.295+05:30  INFO 4124 --- [thundercars] [File Watcher] rtingClassPathChangeChangedEventListener : Restarting due to 3 class path changes (1 addition, 0 deletions, 2 modifications)
2024-04-28T01:55:23.311+05:30  INFO 4124 --- [thundercars] [Thread-5] j.LocalContainerEntityManagerFactoryBean : Closing JPA EntityManagerFactory for persistence unit 'default'
2024-04-28T01:55:23.316+05:30  INFO 4124 --- [thundercars] [Thread-5] com.zaxxer.hikari.HikariDataSource       : HikariPool-1 - Shutdown initiated...
2024-04-28T01:55:23.338+05:30  INFO 4124 --- [thundercars] [Thread-5] com.zaxxer.hikari.HikariDataSource       : HikariPool-1 - Shutdown completed.
2024-04-28T01:55:23.463+05:30  INFO 4124 --- [thundercars] [restartedMain] c.c.thundercars.ThundercarsApplication   : START MAIN
2024-04-28T01:55:23.513+05:30  INFO 4124 --- [thundercars] [restartedMain] c.c.thundercars.ThundercarsApplication   : Starting ThundercarsApplication using Java 21.0.1 with PID 4124 (E:\work\myProjects\car-rentals-spring-angular\backend\target\classes started by HP in E:\work\myProjects\car-rentals-spring-angular\backend)
2024-04-28T01:55:23.514+05:30  INFO 4124 --- [thundercars] [restartedMain] c.c.thundercars.ThundercarsApplication   : No active profile set, falling back to 1 default profile: "default"
2024-04-28T01:55:23.912+05:30  INFO 4124 --- [thundercars] [restartedMain] .s.d.r.c.RepositoryConfigurationDelegate : Bootstrapping Spring Data JPA repositories in DEFAULT mode.
2024-04-28T01:55:23.991+05:30  INFO 4124 --- [thundercars] [restartedMain] .s.d.r.c.RepositoryConfigurationDelegate : Finished Spring Data repository scanning in 78 ms. Found 7 JPA repository interfaces.
2024-04-28T01:55:24.284+05:30  INFO 4124 --- [thundercars] [restartedMain] o.s.b.w.embedded.tomcat.TomcatWebServer  : Tomcat initialized with port 8080 (http)
2024-04-28T01:55:24.286+05:30  INFO 4124 --- [thundercars] [restartedMain] o.apache.catalina.core.StandardService   : Starting service [Tomcat]
2024-04-28T01:55:24.287+05:30  INFO 4124 --- [thundercars] [restartedMain] o.apache.catalina.core.StandardEngine    : Starting Servlet engine: [Apache Tomcat/10.1.18]
2024-04-28T01:55:24.338+05:30  INFO 4124 --- [thundercars] [restartedMain] o.a.c.c.C.[Tomcat].[localhost].[/]       : Initializing Spring embedded WebApplicationContext
2024-04-28T01:55:24.338+05:30  INFO 4124 --- [thundercars] [restartedMain] w.s.c.ServletWebServerApplicationContext : Root WebApplicationContext: initialization completed in 820 ms
2024-04-28T01:55:24.402+05:30  INFO 4124 --- [thundercars] [restartedMain] o.hibernate.jpa.internal.util.LogHelper  : HHH000204: Processing PersistenceUnitInfo [name: default]
2024-04-28T01:55:24.408+05:30  INFO 4124 --- [thundercars] [restartedMain] o.h.c.internal.RegionFactoryInitiator    : HHH000026: Second-level cache disabled
2024-04-28T01:55:24.415+05:30  INFO 4124 --- [thundercars] [restartedMain] o.s.o.j.p.SpringPersistenceUnitInfo      : No LoadTimeWeaver setup: ignoring JPA class transformer
2024-04-28T01:55:24.416+05:30  INFO 4124 --- [thundercars] [restartedMain] com.zaxxer.hikari.HikariDataSource       : HikariPool-2 - Starting...
2024-04-28T01:55:24.532+05:30  INFO 4124 --- [thundercars] [restartedMain] com.zaxxer.hikari.pool.HikariPool        : HikariPool-2 - Added connection com.mysql.cj.jdbc.ConnectionImpl@6af19930
2024-04-28T01:55:24.532+05:30  INFO 4124 --- [thundercars] [restartedMain] com.zaxxer.hikari.HikariDataSource       : HikariPool-2 - Start completed.
2024-04-28T01:55:24.534+05:30  WARN 4124 --- [thundercars] [restartedMain] org.hibernate.orm.deprecation            : HHH90000025: MySQL8Dialect does not need to be specified explicitly using 'hibernate.dialect' (remove the property setting and it will be selected by default)
2024-04-28T01:55:24.534+05:30  WARN 4124 --- [thundercars] [restartedMain] org.hibernate.orm.deprecation            : HHH90000026: MySQL8Dialect has been deprecated; use org.hibernate.dialect.MySQLDialect instead
2024-04-28T01:55:25.159+05:30  INFO 4124 --- [thundercars] [restartedMain] o.h.e.t.j.p.i.JtaPlatformInitiator       : HHH000489: No JTA platform available (set 'hibernate.transaction.jta.platform' to enable JTA platform integration)
2024-04-28T01:55:25.342+05:30  INFO 4124 --- [thundercars] [restartedMain] j.LocalContainerEntityManagerFactoryBean : Initialized JPA EntityManagerFactory for persistence unit 'default'
2024-04-28T01:55:25.815+05:30  WARN 4124 --- [thundercars] [restartedMain] JpaBaseConfiguration$JpaWebConfiguration : spring.jpa.open-in-view is enabled by default. Therefore, database queries may be performed during view rendering. Explicitly configure spring.jpa.open-in-view to disable this warning
2024-04-28T01:55:25.922+05:30  INFO 4124 --- [thundercars] [restartedMain] o.s.s.web.DefaultSecurityFilterChain     : Will secure any request with [org.springframework.security.web.session.DisableEncodeUrlFilter@4bde17be, org.springframework.security.web.context.request.async.WebAsyncManagerIntegrationFilter@1fdee6a9, org.springframework.security.web.context.SecurityContextHolderFilter@7378c0eb, org.springframework.security.web.header.HeaderWriterFilter@3e2c0b7e, org.springframework.web.filter.CorsFilter@3fd957c1, org.springframework.security.web.authentication.logout.LogoutFilter@65b62c40, com.cts.thundercars.security.JwtAuthenticationFilter@64dd22ae, org.springframework.security.web.savedrequest.RequestCacheAwareFilter@288290f0, org.springframework.security.web.servletapi.SecurityContextHolderAwareRequestFilter@ed54c73, org.springframework.security.web.authentication.AnonymousAuthenticationFilter@28b765e6, org.springframework.security.web.access.ExceptionTranslationFilter@25f0703b, org.springframework.security.web.access.intercept.AuthorizationFilter@7d9d5c80]
2024-04-28T01:55:26.031+05:30  INFO 4124 --- [thundercars] [restartedMain] o.s.b.d.a.OptionalLiveReloadServer       : LiveReload server is running on port 35729
2024-04-28T01:55:26.046+05:30  INFO 4124 --- [thundercars] [restartedMain] o.s.b.w.embedded.tomcat.TomcatWebServer  : Tomcat started on port 8080 (http) with context path '/'
2024-04-28T01:55:26.064+05:30  INFO 4124 --- [thundercars] [restartedMain] c.c.thundercars.ThundercarsApplication   : Started ThundercarsApplication in 2.594 seconds (process running for 275.025)
2024-04-28T01:55:26.067+05:30  INFO 4124 --- [thundercars] [restartedMain] .ConditionEvaluationDeltaLoggingListener : Condition evaluation unchanged
2024-04-28T01:55:26.068+05:30  INFO 4124 --- [thundercars] [restartedMain] c.c.thundercars.ThundercarsApplication   : END MAIN
2024-04-28T01:55:31.914+05:30  INFO 4124 --- [thundercars] [http-nio-8080-exec-2] o.a.c.c.C.[Tomcat].[localhost].[/]       : Initializing Spring DispatcherServlet 'dispatcherServlet'
2024-04-28T01:55:31.914+05:30  INFO 4124 --- [thundercars] [http-nio-8080-exec-2] o.s.web.servlet.DispatcherServlet        : Initializing Servlet 'dispatcherServlet'
2024-04-28T01:55:31.916+05:30  INFO 4124 --- [thundercars] [http-nio-8080-exec-2] o.s.web.servlet.DispatcherServlet        : Completed initialization in 2 ms
2024-04-28T01:55:31.930+05:30  INFO 4124 --- [thundercars] [http-nio-8080-exec-2] c.c.t.services.impl.RolesServicesImpl    : Check if this role exists or not
2024-04-28T01:55:32.348+05:30  INFO 4124 --- [thundercars] [http-nio-8080-exec-2] c.c.t.services.impl.RolesServicesImpl    : Role is successfully created
2024-04-28T01:55:41.682+05:30  INFO 4124 --- [thundercars] [http-nio-8080-exec-3] c.c.t.services.impl.RolesServicesImpl    : Check if this role exists or not
2024-04-28T01:55:41.738+05:30  INFO 4124 --- [thundercars] [http-nio-8080-exec-3] c.c.t.services.impl.RolesServicesImpl    : Role is successfully created
2024-04-28T01:55:49.303+05:30  INFO 4124 --- [thundercars] [http-nio-8080-exec-4] c.c.t.services.impl.RolesServicesImpl    : Check if this role exists or not
2024-04-28T01:55:49.358+05:30  INFO 4124 --- [thundercars] [http-nio-8080-exec-4] c.c.t.services.impl.RolesServicesImpl    : Role is successfully created
2024-04-28T01:56:06.020+05:30  INFO 4124 --- [thundercars] [http-nio-8080-exec-5] c.c.t.services.impl.AddressServicesImpl  : Creating address starated:
2024-04-28T01:56:06.059+05:30  INFO 4124 --- [thundercars] [http-nio-8080-exec-5] c.c.t.services.impl.AddressServicesImpl  : address saved
2024-04-28T01:56:57.627+05:30  INFO 4124 --- [thundercars] [http-nio-8080-exec-8] c.c.t.s.impl.CarDealerServicesImpl       : Checking if user already exists
2024-04-28T01:56:57.634+05:30  INFO 4124 --- [thundercars] [http-nio-8080-exec-8] c.c.t.s.impl.CarDealerServicesImpl       : Creating car Dealer
2024-04-28T01:57:50.787+05:30  WARN 4124 --- [thundercars] [HikariPool-2 housekeeper] com.zaxxer.hikari.pool.HikariPool        : HikariPool-2 - Thread starvation or clock leap detected (housekeeper delta=1m1s724ms438µs500ns).
2024-04-28T01:58:20.864+05:30  INFO 4124 --- [thundercars] [http-nio-8080-exec-2] c.c.t.controllers.UserController         : cardealer@gmail.com
2024-04-28T01:58:20.864+05:30  INFO 4124 --- [thundercars] [http-nio-8080-exec-2] c.c.t.services.impl.UserServicesImpl     : Fetching user with email: cardealer@gmail.com
2024-04-28T01:58:20.873+05:30  WARN 4124 --- [thundercars] [http-nio-8080-exec-2] .m.m.a.ExceptionHandlerExceptionResolver : Resolved [com.cts.thundercars.exceptions.NotFoundException: User does not exists with this email]
2024-04-28T01:58:42.416+05:30  INFO 4124 --- [thundercars] [http-nio-8080-exec-6] c.c.t.s.impl.CarDealerServicesImpl       : Fetching car dealer by id : cardealer@gmail.com ...
2024-04-28T01:58:42.428+05:30  INFO 4124 --- [thundercars] [http-nio-8080-exec-6] c.c.t.s.impl.CarDealerServicesImpl       : car dealer fetched: CarDealer(id=1, dealerName=Car Dealer, email=cardealer@gmail.com, password=$2a$10$7GPf.j9QEzBLX.Eg5RWD1eUH11KtxcstsoXBxi7YDrubqFFtVjRSu, refreshToken=null, phone=9898989898, verified=null, allCities=Chennai, avatar=../../../../assets/images/user.png, role=Roles(id=2, roleName=CARDEALER))
2024-04-28T01:58:45.170+05:30  INFO 4124 --- [thundercars] [http-nio-8080-exec-8] c.c.t.services.impl.CarServicesImpl      : Fetching cars by dealer id: 1
2024-04-28T01:58:45.175+05:30 ERROR 4124 --- [thundercars] [http-nio-8080-exec-8] c.c.t.services.impl.CarServicesImpl      : Error occurred while fetching cars by dealer id: 1
2024-04-28T01:58:45.177+05:30  WARN 4124 --- [thundercars] [http-nio-8080-exec-8] .m.m.a.ExceptionHandlerExceptionResolver : Resolved [com.cts.thundercars.exceptions.NotFoundException: Error: No Cars found with this dealer id ]
2024-04-28T01:58:55.894+05:30  INFO 4124 --- [thundercars] [http-nio-8080-exec-10] c.c.t.s.impl.CarDealerServicesImpl       : CarDealer updated successfully: CarDealer(id=1, dealerName=Car Dealers, email=cardealer@gmail.com, password=$2a$10$7GPf.j9QEzBLX.Eg5RWD1eUH11KtxcstsoXBxi7YDrubqFFtVjRSu, refreshToken=null, phone=9898989898, verified=null, allCities=Chennai, avatar=../../../../assets/images/user.png, role=Roles(id=2, roleName=CARDEALER))
2024-04-28T01:58:55.946+05:30  INFO 4124 --- [thundercars] [http-nio-8080-exec-2] c.c.t.s.impl.CarDealerServicesImpl       : Fetching car dealer by id : cardealer@gmail.com ...
2024-04-28T01:58:55.956+05:30  INFO 4124 --- [thundercars] [http-nio-8080-exec-2] c.c.t.s.impl.CarDealerServicesImpl       : car dealer fetched: CarDealer(id=1, dealerName=Car Dealers, email=cardealer@gmail.com, password=$2a$10$7GPf.j9QEzBLX.Eg5RWD1eUH11KtxcstsoXBxi7YDrubqFFtVjRSu, refreshToken=null, phone=9898989898, verified=null, allCities=Chennai, avatar=../../../../assets/images/user.png, role=Roles(id=2, roleName=CARDEALER))
2024-04-28T01:59:01.983+05:30  INFO 4124 --- [thundercars] [http-nio-8080-exec-4] c.c.t.services.impl.CarServicesImpl      : Saving car: Car(id=0, carName=Porche 911 Carerra, price=180880, deposit=2000, fuelType=Petrol, gearbox=Automatic, image=https://gohype.in/_next/image?url=https%3A%2F%2Fik.imagekit.io%2Fegrcxziyv%2Fhypeluxury%2Frent_porsche_911_carrera_3.png&w=3840&q=75, seats=2, doors=2, fuelpolicy=AlreadyFilled, mileage=12, cancellation=10000, amendments=10000, theftProtection=2000, collisionDamage=1000, fullInsurance=4000, additionalDriver=11000, wheelDrive=FWD, dealer=CarDealer(id=1, dealerName=null, email=null, password=null, refreshToken=null, phone=null, verified=null, allCities=null, avatar=null, role=null))
2024-04-28T01:59:02.005+05:30  INFO 4124 --- [thundercars] [http-nio-8080-exec-4] c.c.t.services.impl.CarServicesImpl      : Car saved successfully: Car(id=0, carName=Porche 911 Carerra, price=180880, deposit=2000, fuelType=Petrol, gearbox=Automatic, image=https://gohype.in/_next/image?url=https%3A%2F%2Fik.imagekit.io%2Fegrcxziyv%2Fhypeluxury%2Frent_porsche_911_carrera_3.png&w=3840&q=75, seats=2, doors=2, fuelpolicy=AlreadyFilled, mileage=12, cancellation=10000, amendments=10000, theftProtection=2000, collisionDamage=1000, fullInsurance=4000, additionalDriver=11000, wheelDrive=FWD, dealer=CarDealer(id=1, dealerName=null, email=null, password=null, refreshToken=null, phone=null, verified=null, allCities=null, avatar=null, role=null))
2024-04-28T01:59:02.123+05:30  INFO 4124 --- [thundercars] [http-nio-8080-exec-6] c.c.t.services.impl.CarServicesImpl      : Fetching cars by dealer id: 1
2024-04-28T01:59:04.758+05:30  INFO 4124 --- [thundercars] [http-nio-8080-exec-8] c.c.t.services.impl.CarServicesImpl      : Saving car: Car(id=0, carName=Porche 911 Carerra, price=180880, deposit=2000, fuelType=Petrol, gearbox=Automatic, image=https://gohype.in/_next/image?url=https%3A%2F%2Fik.imagekit.io%2Fegrcxziyv%2Fhypeluxury%2Frent_porsche_911_carrera_3.png&w=3840&q=75, seats=2, doors=2, fuelpolicy=AlreadyFilled, mileage=12, cancellation=10000, amendments=10000, theftProtection=2000, collisionDamage=1000, fullInsurance=4000, additionalDriver=11000, wheelDrive=FWD, dealer=CarDealer(id=1, dealerName=null, email=null, password=null, refreshToken=null, phone=null, verified=null, allCities=null, avatar=null, role=null))
2024-04-28T01:59:04.769+05:30  INFO 4124 --- [thundercars] [http-nio-8080-exec-8] c.c.t.services.impl.CarServicesImpl      : Car saved successfully: Car(id=0, carName=Porche 911 Carerra, price=180880, deposit=2000, fuelType=Petrol, gearbox=Automatic, image=https://gohype.in/_next/image?url=https%3A%2F%2Fik.imagekit.io%2Fegrcxziyv%2Fhypeluxury%2Frent_porsche_911_carrera_3.png&w=3840&q=75, seats=2, doors=2, fuelpolicy=AlreadyFilled, mileage=12, cancellation=10000, amendments=10000, theftProtection=2000, collisionDamage=1000, fullInsurance=4000, additionalDriver=11000, wheelDrive=FWD, dealer=CarDealer(id=1, dealerName=null, email=null, password=null, refreshToken=null, phone=null, verified=null, allCities=null, avatar=null, role=null))
2024-04-28T01:59:04.852+05:30  INFO 4124 --- [thundercars] [http-nio-8080-exec-9] c.c.t.services.impl.CarServicesImpl      : Fetching cars by dealer id: 1
2024-04-28T01:59:10.123+05:30  INFO 4124 --- [thundercars] [http-nio-8080-exec-1] c.c.t.services.impl.CarServicesImpl      : Saving car: Car(id=0, carName=Porche4 911 Carerra, price=180880, deposit=2000, fuelType=Petrol, gearbox=Automatic, image=https://gohype.in/_next/image?url=https%3A%2F%2Fik.imagekit.io%2Fegrcxziyv%2Fhypeluxury%2Frent_porsche_911_carrera_3.png&w=3840&q=75, seats=2, doors=2, fuelpolicy=AlreadyFilled, mileage=12, cancellation=10000, amendments=10000, theftProtection=2000, collisionDamage=1000, fullInsurance=4000, additionalDriver=11000, wheelDrive=FWD, dealer=CarDealer(id=1, dealerName=null, email=null, password=null, refreshToken=null, phone=null, verified=null, allCities=null, avatar=null, role=null))
2024-04-28T01:59:10.133+05:30  INFO 4124 --- [thundercars] [http-nio-8080-exec-1] c.c.t.services.impl.CarServicesImpl      : Car saved successfully: Car(id=0, carName=Porche4 911 Carerra, price=180880, deposit=2000, fuelType=Petrol, gearbox=Automatic, image=https://gohype.in/_next/image?url=https%3A%2F%2Fik.imagekit.io%2Fegrcxziyv%2Fhypeluxury%2Frent_porsche_911_carrera_3.png&w=3840&q=75, seats=2, doors=2, fuelpolicy=AlreadyFilled, mileage=12, cancellation=10000, amendments=10000, theftProtection=2000, collisionDamage=1000, fullInsurance=4000, additionalDriver=11000, wheelDrive=FWD, dealer=CarDealer(id=1, dealerName=null, email=null, password=null, refreshToken=null, phone=null, verified=null, allCities=null, avatar=null, role=null))
2024-04-28T01:59:10.225+05:30  INFO 4124 --- [thundercars] [http-nio-8080-exec-3] c.c.t.services.impl.CarServicesImpl      : Fetching cars by dealer id: 1
2024-04-28T01:59:13.231+05:30  INFO 4124 --- [thundercars] [http-nio-8080-exec-5] c.c.t.services.impl.CarServicesImpl      : Deleting car Dealer with id: 2
2024-04-28T01:59:13.244+05:30  INFO 4124 --- [thundercars] [http-nio-8080-exec-5] c.c.t.services.impl.CarServicesImpl      : Car with id: 2 deleted successfully
2024-04-28T01:59:16.903+05:30  INFO 4124 --- [thundercars] [http-nio-8080-exec-7] c.c.t.services.impl.CarServicesImpl      : Deleting car Dealer with id: 3
2024-04-28T01:59:16.909+05:30  INFO 4124 --- [thundercars] [http-nio-8080-exec-7] c.c.t.services.impl.CarServicesImpl      : Car with id: 3 deleted successfully
2024-04-28T01:59:31.456+05:30  INFO 4124 --- [thundercars] [http-nio-8080-exec-9] c.c.t.services.impl.CarServicesImpl      : Saving car: Car(id=0, carName=lambo 911 Carerra, price=300000, deposit=2000, fuelType=Petrol, gearbox=Automatic, image=https://gohype.in/_next/image?url=https%3A%2F%2Fik.imagekit.io%2Fegrcxziyv%2Fhypeluxury%2Frent_porsche_911_carrera_3.png&w=3840&q=75, seats=2, doors=2, fuelpolicy=AlreadyFilled, mileage=12, cancellation=10000, amendments=10000, theftProtection=2000, collisionDamage=1000, fullInsurance=4000, additionalDriver=11000, wheelDrive=FWD, dealer=CarDealer(id=1, dealerName=null, email=null, password=null, refreshToken=null, phone=null, verified=null, allCities=null, avatar=null, role=null))
2024-04-28T01:59:31.464+05:30  INFO 4124 --- [thundercars] [http-nio-8080-exec-9] c.c.t.services.impl.CarServicesImpl      : Car saved successfully: Car(id=0, carName=lambo 911 Carerra, price=300000, deposit=2000, fuelType=Petrol, gearbox=Automatic, image=https://gohype.in/_next/image?url=https%3A%2F%2Fik.imagekit.io%2Fegrcxziyv%2Fhypeluxury%2Frent_porsche_911_carrera_3.png&w=3840&q=75, seats=2, doors=2, fuelpolicy=AlreadyFilled, mileage=12, cancellation=10000, amendments=10000, theftProtection=2000, collisionDamage=1000, fullInsurance=4000, additionalDriver=11000, wheelDrive=FWD, dealer=CarDealer(id=1, dealerName=null, email=null, password=null, refreshToken=null, phone=null, verified=null, allCities=null, avatar=null, role=null))
2024-04-28T01:59:31.583+05:30  INFO 4124 --- [thundercars] [http-nio-8080-exec-1] c.c.t.services.impl.CarServicesImpl      : Fetching cars by dealer id: 1
2024-04-28T01:59:34.877+05:30  INFO 4124 --- [thundercars] [http-nio-8080-exec-3] c.c.t.services.impl.BookingServicesImpl  : Fetching bookings for car with id: 1
2024-04-28T02:01:50.924+05:30  INFO 4124 --- [thundercars] [http-nio-8080-exec-7] c.c.t.services.impl.UserServicesImpl     : Checking if user with email: user@gmail.com exists or not
2024-04-28T02:01:50.927+05:30  INFO 4124 --- [thundercars] [http-nio-8080-exec-7] c.c.t.services.impl.UserServicesImpl     : Saving user: User(id=0, email=user@gmail.com, phone=8787878787, fullname=User, verified=null, dateOfBirth=2004-05-27, enableEmailNotification=null, avatar=https://png.pngtree.com/element_our/png/20181206/users-vector-icon-png_260862.jpg, bio=null, city=Chennai, blacklisted=null, payLater=null, refreshToken=null, password=$2a$10$pGku.Mpg12jp.gcuGzgBReFOM/BB1Yf2IFgpUCXiQY6R8e1W6Qt22, role=Roles(id=1, roleName=null), bookings=null)
2024-04-28T02:02:04.183+05:30  INFO 4124 --- [thundercars] [http-nio-8080-exec-1] c.c.t.controllers.UserController         : user@gmail.com
2024-04-28T02:02:04.183+05:30  INFO 4124 --- [thundercars] [http-nio-8080-exec-1] c.c.t.services.impl.UserServicesImpl     : Fetching user with email: user@gmail.com
2024-04-28T02:02:04.188+05:30  INFO 4124 --- [thundercars] [http-nio-8080-exec-1] c.c.t.services.impl.UserServicesImpl     : User fetched successfully with email: 
2024-04-28T02:02:07.077+05:30  INFO 4124 --- [thundercars] [http-nio-8080-exec-3] c.c.t.services.impl.CarServicesImpl      : Fetching all cars
2024-04-28T02:02:07.090+05:30  INFO 4124 --- [thundercars] [http-nio-8080-exec-3] c.c.t.services.impl.CarServicesImpl      : all cars fetched
2024-04-28T02:02:13.895+05:30  INFO 4124 --- [thundercars] [http-nio-8080-exec-7] c.c.t.services.impl.AddressServicesImpl  : fetching all addresses...
2024-04-28T02:02:13.896+05:30  INFO 4124 --- [thundercars] [http-nio-8080-exec-6] c.c.t.services.impl.CarServicesImpl      : Fetching car with id: 4
2024-04-28T02:02:13.902+05:30  INFO 4124 --- [thundercars] [http-nio-8080-exec-7] c.c.t.services.impl.AddressServicesImpl  : addresses fetched: 
2024-04-28T02:02:16.808+05:30  INFO 4124 --- [thundercars] [http-nio-8080-exec-9] c.c.t.services.impl.CarServicesImpl      : Fetching all cars
2024-04-28T02:02:16.817+05:30  INFO 4124 --- [thundercars] [http-nio-8080-exec-9] c.c.t.services.impl.CarServicesImpl      : all cars fetched
2024-04-28T02:02:20.157+05:30  INFO 4124 --- [thundercars] [http-nio-8080-exec-2] c.c.t.services.impl.AddressServicesImpl  : fetching all addresses...
2024-04-28T02:02:20.158+05:30  INFO 4124 --- [thundercars] [http-nio-8080-exec-3] c.c.t.services.impl.CarServicesImpl      : Fetching car with id: 4
2024-04-28T02:02:20.163+05:30  INFO 4124 --- [thundercars] [http-nio-8080-exec-2] c.c.t.services.impl.AddressServicesImpl  : addresses fetched: 
2024-04-28T02:02:31.880+05:30  INFO 4124 --- [thundercars] [http-nio-8080-exec-5] c.c.t.services.impl.BookingServicesImpl  : Saving booking with id
2024-04-28T02:02:31.913+05:30  INFO 4124 --- [thundercars] [http-nio-8080-exec-5] c.c.t.controllers.BookingsController     : booking created successfully with booking id: 1 , and user Id: 1
2024-04-28T02:02:33.079+05:30  INFO 4124 --- [thundercars] [http-nio-8080-exec-7] c.c.t.services.impl.BookingServicesImpl  : Fetching bookings for user with id: 1
2024-04-28T02:02:35.204+05:30  INFO 4124 --- [thundercars] [http-nio-8080-exec-9] c.c.t.services.impl.CarServicesImpl      : Fetching all cars
2024-04-28T02:02:35.216+05:30  INFO 4124 --- [thundercars] [http-nio-8080-exec-9] c.c.t.services.impl.CarServicesImpl      : all cars fetched
2024-04-28T02:02:37.244+05:30  INFO 4124 --- [thundercars] [http-nio-8080-exec-3] c.c.t.services.impl.AddressServicesImpl  : fetching all addresses...
2024-04-28T02:02:37.245+05:30  INFO 4124 --- [thundercars] [http-nio-8080-exec-2] c.c.t.services.impl.CarServicesImpl      : Fetching car with id: 1
2024-04-28T02:02:37.251+05:30  INFO 4124 --- [thundercars] [http-nio-8080-exec-3] c.c.t.services.impl.AddressServicesImpl  : addresses fetched: 
2024-04-28T02:02:48.653+05:30  INFO 4124 --- [thundercars] [http-nio-8080-exec-5] c.c.t.services.impl.BookingServicesImpl  : Saving booking with id
2024-04-28T02:02:48.706+05:30  INFO 4124 --- [thundercars] [http-nio-8080-exec-5] c.c.t.controllers.BookingsController     : booking created successfully with booking id: 2 , and user Id: 1
2024-04-28T02:02:49.795+05:30  INFO 4124 --- [thundercars] [http-nio-8080-exec-7] c.c.t.services.impl.BookingServicesImpl  : Fetching bookings for user with id: 1
2024-04-28T02:02:59.603+05:30  INFO 4124 --- [thundercars] [http-nio-8080-exec-9] c.c.t.services.impl.CarServicesImpl      : Fetching all cars
2024-04-28T02:02:59.616+05:30  INFO 4124 --- [thundercars] [http-nio-8080-exec-9] c.c.t.services.impl.CarServicesImpl      : all cars fetched
2024-04-28T02:03:10.650+05:30  INFO 4124 --- [thundercars] [http-nio-8080-exec-10] c.c.t.services.impl.CarServicesImpl      : Fetching all cars
2024-04-28T02:03:10.660+05:30  INFO 4124 --- [thundercars] [http-nio-8080-exec-10] c.c.t.services.impl.CarServicesImpl      : all cars fetched
2024-04-28T02:03:17.120+05:30  INFO 4124 --- [thundercars] [http-nio-8080-exec-2] c.c.t.services.impl.BookingServicesImpl  : Fetching bookings for user with id: 1
2024-04-28T02:03:35.348+05:30  INFO 4124 --- [thundercars] [http-nio-8080-exec-7] c.c.t.s.impl.CarDealerServicesImpl       : Fetching car dealer by id : cardealer@gmail.com ...
2024-04-28T02:03:35.355+05:30  INFO 4124 --- [thundercars] [http-nio-8080-exec-7] c.c.t.s.impl.CarDealerServicesImpl       : car dealer fetched: CarDealer(id=1, dealerName=Car Dealers, email=cardealer@gmail.com, password=$2a$10$7GPf.j9QEzBLX.Eg5RWD1eUH11KtxcstsoXBxi7YDrubqFFtVjRSu, refreshToken=null, phone=9898989898, verified=null, allCities=Chennai, avatar=../../../../assets/images/user.png, role=Roles(id=2, roleName=CARDEALER))
2024-04-28T02:03:37.290+05:30  INFO 4124 --- [thundercars] [http-nio-8080-exec-9] c.c.t.services.impl.CarServicesImpl      : Fetching cars by dealer id: 1
2024-04-28T02:03:38.292+05:30  INFO 4124 --- [thundercars] [http-nio-8080-exec-2] c.c.t.services.impl.BookingServicesImpl  : Fetching bookings for car with id: 1
2024-04-28T02:03:48.637+05:30  INFO 4124 --- [thundercars] [http-nio-8080-exec-5] c.c.t.services.impl.BookingServicesImpl  : Updating booking with id: 1
2024-04-28T02:03:50.898+05:30  INFO 4124 --- [thundercars] [http-nio-8080-exec-7] c.c.t.services.impl.CarServicesImpl      : Fetching cars by dealer id: 1
2024-04-28T02:03:51.571+05:30  INFO 4124 --- [thundercars] [http-nio-8080-exec-9] c.c.t.services.impl.BookingServicesImpl  : Fetching bookings for car with id: 1
2024-04-28T02:03:59.624+05:30  INFO 4124 --- [thundercars] [http-nio-8080-exec-3] c.c.t.services.impl.BookingServicesImpl  : Fetching bookings for car with id: 1
2024-04-28T02:04:00.087+05:30  INFO 4124 --- [thundercars] [http-nio-8080-exec-2] c.c.t.services.impl.CarServicesImpl      : Fetching cars by dealer id: 1
2024-04-28T02:04:06.152+05:30  INFO 4124 --- [thundercars] [http-nio-8080-exec-5] c.c.t.services.impl.CarServicesImpl      : Fetching cars by dealer id: 1
2024-04-28T02:04:43.531+05:30  INFO 4124 --- [thundercars] [http-nio-8080-exec-9] c.c.t.controllers.UserController         : user@gmail.com
2024-04-28T02:04:43.532+05:30  INFO 4124 --- [thundercars] [http-nio-8080-exec-9] c.c.t.services.impl.UserServicesImpl     : Fetching user with email: user@gmail.com
2024-04-28T02:04:43.536+05:30  INFO 4124 --- [thundercars] [http-nio-8080-exec-9] c.c.t.services.impl.UserServicesImpl     : User fetched successfully with email: 
2024-04-28T02:04:47.197+05:30  INFO 4124 --- [thundercars] [http-nio-8080-exec-3] c.c.t.services.impl.CarServicesImpl      : Fetching all cars
2024-04-28T02:04:47.204+05:30  INFO 4124 --- [thundercars] [http-nio-8080-exec-3] c.c.t.services.impl.CarServicesImpl      : all cars fetched
2024-04-28T02:04:48.659+05:30  INFO 4124 --- [thundercars] [http-nio-8080-exec-2] c.c.t.services.impl.BookingServicesImpl  : Fetching bookings for user with id: 1
2024-04-28T02:05:12.937+05:30  INFO 4124 --- [thundercars] [http-nio-8080-exec-5] c.c.t.services.impl.CarServicesImpl      : Fetching all cars
2024-04-28T02:05:12.945+05:30  INFO 4124 --- [thundercars] [http-nio-8080-exec-5] c.c.t.services.impl.CarServicesImpl      : all cars fetched
2024-04-28T02:05:26.860+05:30  INFO 4124 --- [thundercars] [http-nio-8080-exec-7] c.c.t.services.impl.CarServicesImpl      : Fetching all cars
2024-04-28T02:05:26.869+05:30  INFO 4124 --- [thundercars] [http-nio-8080-exec-7] c.c.t.services.impl.CarServicesImpl      : all cars fetched
2024-04-28T02:05:29.577+05:30  INFO 4124 --- [thundercars] [http-nio-8080-exec-3] c.c.t.services.impl.AddressServicesImpl  : fetching all addresses...
2024-04-28T02:05:29.578+05:30  INFO 4124 --- [thundercars] [http-nio-8080-exec-10] c.c.t.services.impl.CarServicesImpl      : Fetching car with id: 1
2024-04-28T02:05:29.582+05:30  INFO 4124 --- [thundercars] [http-nio-8080-exec-3] c.c.t.services.impl.AddressServicesImpl  : addresses fetched: 
2024-04-28T02:05:59.551+05:30  INFO 4124 --- [thundercars] [http-nio-8080-exec-2] c.c.t.services.impl.CarServicesImpl      : Fetching all cars
2024-04-28T02:05:59.559+05:30  INFO 4124 --- [thundercars] [http-nio-8080-exec-2] c.c.t.services.impl.CarServicesImpl      : all cars fetched
2024-04-28T02:06:08.846+05:30  INFO 4124 --- [thundercars] [http-nio-8080-exec-5] c.c.t.services.impl.BookingServicesImpl  : Fetching bookings for user with id: 1
2024-04-28T02:06:09.853+05:30  INFO 4124 --- [thundercars] [http-nio-8080-exec-7] c.c.t.services.impl.CarServicesImpl      : Fetching all cars
2024-04-28T02:06:09.861+05:30  INFO 4124 --- [thundercars] [http-nio-8080-exec-7] c.c.t.services.impl.CarServicesImpl      : all cars fetched
2024-04-28T02:06:30.575+05:30  INFO 4124 --- [thundercars] [http-nio-8080-exec-10] c.c.t.services.impl.BookingServicesImpl  : Fetching bookings for user with id: 1
2024-04-28T02:06:31.902+05:30  INFO 4124 --- [thundercars] [http-nio-8080-exec-2] c.c.t.services.impl.CarServicesImpl      : Fetching all cars
2024-04-28T02:06:31.909+05:30  INFO 4124 --- [thundercars] [http-nio-8080-exec-2] c.c.t.services.impl.CarServicesImpl      : all cars fetched
2024-04-28T02:06:33.781+05:30  INFO 4124 --- [thundercars] [http-nio-8080-exec-4] c.c.t.services.impl.CarServicesImpl      : Fetching all cars
2024-04-28T02:06:33.787+05:30  INFO 4124 --- [thundercars] [http-nio-8080-exec-4] c.c.t.services.impl.CarServicesImpl      : all cars fetched
2024-04-28T02:07:22.384+05:30  INFO 4124 --- [thundercars] [http-nio-8080-exec-6] c.c.t.services.impl.BookingServicesImpl  : Fetching bookings for user with id: 1
2024-04-28T02:07:24.755+05:30  INFO 4124 --- [thundercars] [http-nio-8080-exec-9] c.c.t.services.impl.CarServicesImpl      : Fetching all cars
2024-04-28T02:07:24.762+05:30  INFO 4124 --- [thundercars] [http-nio-8080-exec-9] c.c.t.services.impl.CarServicesImpl      : all cars fetched
2024-04-28T02:07:36.907+05:30  INFO 4124 --- [thundercars] [http-nio-8080-exec-10] c.c.t.services.impl.CarServicesImpl      : Fetching car with id: 4
2024-04-28T02:07:36.908+05:30  INFO 4124 --- [thundercars] [http-nio-8080-exec-1] c.c.t.services.impl.AddressServicesImpl  : fetching all addresses...
2024-04-28T02:07:36.915+05:30  INFO 4124 --- [thundercars] [http-nio-8080-exec-1] c.c.t.services.impl.AddressServicesImpl  : addresses fetched: 
2024-04-28T02:07:45.012+05:30  INFO 4124 --- [thundercars] [http-nio-8080-exec-4] c.c.t.services.impl.CarServicesImpl      : Fetching all cars
2024-04-28T02:07:45.022+05:30  INFO 4124 --- [thundercars] [http-nio-8080-exec-4] c.c.t.services.impl.CarServicesImpl      : all cars fetched
2024-04-28T02:07:49.569+05:30  INFO 4124 --- [thundercars] [http-nio-8080-exec-5] c.c.t.services.impl.CarServicesImpl      : Fetching all cars
2024-04-28T02:07:49.576+05:30  INFO 4124 --- [thundercars] [http-nio-8080-exec-5] c.c.t.services.impl.CarServicesImpl      : all cars fetched
2024-04-28T02:07:54.119+05:30  INFO 4124 --- [thundercars] [http-nio-8080-exec-9] c.c.t.services.impl.AddressServicesImpl  : fetching all addresses...
2024-04-28T02:07:54.119+05:30  INFO 4124 --- [thundercars] [http-nio-8080-exec-8] c.c.t.services.impl.CarServicesImpl      : Fetching car with id: 4
2024-04-28T02:07:54.123+05:30  INFO 4124 --- [thundercars] [http-nio-8080-exec-9] c.c.t.services.impl.AddressServicesImpl  : addresses fetched: 
2024-04-28T02:07:58.300+05:30  INFO 4124 --- [thundercars] [http-nio-8080-exec-10] c.c.t.services.impl.BookingServicesImpl  : Fetching bookings for user with id: 1
